2018-05-24 17:17:41.252 DEBUG T-JIRASAK-KA --- [           main] c.s.s.Log4J2PropertiesConf               : This is a debug message
2018-05-24 17:17:41.266  INFO T-JIRASAK-KA --- [           main] c.s.s.Log4J2PropertiesConf               : This is an info message
2018-05-24 17:17:41.266  WARN T-JIRASAK-KA --- [           main] c.s.s.Log4J2PropertiesConf               : This is a warn message
2018-05-24 17:17:41.267 ERROR T-JIRASAK-KA --- [           main] c.s.s.Log4J2PropertiesConf               : This is an error message
2018-05-24 17:17:41.269 FATAL T-JIRASAK-KA --- [           main] c.s.s.Log4J2PropertiesConf               : This is a fatal message
2018-05-24 17:17:41.642  INFO T-JIRASAK-KA --- [           main] .b.t.c.SpringBootTestContextBootstrapper : Neither @ContextConfiguration nor @ContextHierarchy found for test class [com.shera.sheraapi.SheraapiApplicationTests], using SpringBootContextLoader
2018-05-24 17:17:41.651  INFO T-JIRASAK-KA --- [           main] o.s.t.c.s.AbstractContextLoader          : Could not detect default resource locations for test class [com.shera.sheraapi.SheraapiApplicationTests]: no resource found for suffixes {-context.xml, Context.groovy}.
2018-05-24 17:17:41.653  INFO T-JIRASAK-KA --- [           main] t.c.s.AnnotationConfigContextLoaderUtils : Could not detect default configuration classes for test class [com.shera.sheraapi.SheraapiApplicationTests]: SheraapiApplicationTests does not declare any static, non-private, non-final, nested classes annotated with @Configuration.
2018-05-24 17:17:42.041  INFO T-JIRASAK-KA --- [           main] .b.t.c.SpringBootTestContextBootstrapper : Found @SpringBootConfiguration com.shera.sheraapi.SheraapiApplication for test class com.shera.sheraapi.SheraapiApplicationTests
2018-05-24 17:17:42.556  INFO T-JIRASAK-KA --- [           main] .b.t.c.SpringBootTestContextBootstrapper : Loaded default TestExecutionListener class names from location [META-INF/spring.factories]: [org.springframework.boot.test.mock.mockito.MockitoTestExecutionListener, org.springframework.boot.test.mock.mockito.ResetMocksTestExecutionListener, org.springframework.boot.test.autoconfigure.restdocs.RestDocsTestExecutionListener, org.springframework.boot.test.autoconfigure.web.client.MockRestServiceServerResetTestExecutionListener, org.springframework.boot.test.autoconfigure.web.servlet.MockMvcPrintOnlyOnFailureTestExecutionListener, org.springframework.boot.test.autoconfigure.web.servlet.WebDriverTestExecutionListener, org.springframework.test.context.web.ServletTestExecutionListener, org.springframework.test.context.support.DirtiesContextBeforeModesTestExecutionListener, org.springframework.test.context.support.DependencyInjectionTestExecutionListener, org.springframework.test.context.support.DirtiesContextTestExecutionListener, org.springframework.test.context.transaction.TransactionalTestExecutionListener, org.springframework.test.context.jdbc.SqlScriptsTestExecutionListener]
2018-05-24 17:17:42.658  INFO T-JIRASAK-KA --- [           main] .b.t.c.SpringBootTestContextBootstrapper : Using TestExecutionListeners: [org.springframework.test.context.web.ServletTestExecutionListener@4f49f6af, org.springframework.test.context.support.DirtiesContextBeforeModesTestExecutionListener@78452606, org.springframework.boot.test.mock.mockito.MockitoTestExecutionListener@147e2ae7, org.springframework.boot.test.autoconfigure.SpringBootDependencyInjectionTestExecutionListener@448c8166, org.springframework.test.context.support.DirtiesContextTestExecutionListener@4470fbd6, org.springframework.test.context.transaction.TransactionalTestExecutionListener@15d49048, org.springframework.test.context.jdbc.SqlScriptsTestExecutionListener@7098b907, org.springframework.boot.test.mock.mockito.ResetMocksTestExecutionListener@503f91c3, org.springframework.boot.test.autoconfigure.restdocs.RestDocsTestExecutionListener@13526e59, org.springframework.boot.test.autoconfigure.web.client.MockRestServiceServerResetTestExecutionListener@2235eaab, org.springframework.boot.test.autoconfigure.web.servlet.MockMvcPrintOnlyOnFailureTestExecutionListener@17503f6b, org.springframework.boot.test.autoconfigure.web.servlet.WebDriverTestExecutionListener@3bcd05cb]
2018-05-24 17:17:43.561  INFO T-JIRASAK-KA --- [           main] c.s.s.SheraapiApplicationTests           : Starting SheraapiApplicationTests on T-JIRASAK-KA with PID 12868 (started by jirasak_ka in D:\BANK\Dev\SheraAPI)
2018-05-24 17:17:43.563 DEBUG T-JIRASAK-KA --- [           main] c.s.s.SheraapiApplicationTests           : Running with Spring Boot v2.0.2.RELEASE, Spring v5.0.6.RELEASE
2018-05-24 17:17:43.564  INFO T-JIRASAK-KA --- [           main] c.s.s.SheraapiApplicationTests           : No active profile set, falling back to default profiles: default
2018-05-24 17:17:43.759  INFO T-JIRASAK-KA --- [           main] o.s.w.c.s.GenericWebApplicationContext   : Refreshing org.springframework.web.context.support.GenericWebApplicationContext@56c4278e: startup date [Thu May 24 17:17:43 ICT 2018]; root of context hierarchy
2018-05-24 17:17:48.976  INFO T-JIRASAK-KA --- [           main] o.s.w.s.h.SimpleUrlHandlerMapping        : Mapped URL path [/**/favicon.ico] onto handler of type [class org.springframework.web.servlet.resource.ResourceHttpRequestHandler]
2018-05-24 17:17:49.907  INFO T-JIRASAK-KA --- [           main] s.w.s.m.m.a.RequestMappingHandlerAdapter : Looking for @ControllerAdvice: org.springframework.web.context.support.GenericWebApplicationContext@56c4278e: startup date [Thu May 24 17:17:43 ICT 2018]; root of context hierarchy
2018-05-24 17:17:50.146  INFO T-JIRASAK-KA --- [           main] s.w.s.m.m.a.RequestMappingHandlerMapping : Mapped "{[/],methods=[GET]}" onto public java.lang.String com.shera.sheraapi.controller.HomeController.index()
2018-05-24 17:17:50.152  INFO T-JIRASAK-KA --- [           main] s.w.s.m.m.a.RequestMappingHandlerMapping : Mapped "{[/ldap/test],methods=[POST]}" onto public java.lang.String com.shera.sheraapi.controller.LdapUserController.test()
2018-05-24 17:17:50.153  INFO T-JIRASAK-KA --- [           main] s.w.s.m.m.a.RequestMappingHandlerMapping : Mapped "{[/ldap/authen],methods=[POST]}" onto public org.springframework.http.ResponseEntity<?> com.shera.sheraapi.controller.LdapUserController.ldapAuthen(com.shera.sheraapi.model.AuthenBody)
2018-05-24 17:17:50.158  INFO T-JIRASAK-KA --- [           main] s.w.s.m.m.a.RequestMappingHandlerMapping : Mapped "{[/error]}" onto public org.springframework.http.ResponseEntity<java.util.Map<java.lang.String, java.lang.Object>> org.springframework.boot.autoconfigure.web.servlet.error.BasicErrorController.error(javax.servlet.http.HttpServletRequest)
2018-05-24 17:17:50.162  INFO T-JIRASAK-KA --- [           main] s.w.s.m.m.a.RequestMappingHandlerMapping : Mapped "{[/error],produces=[text/html]}" onto public org.springframework.web.servlet.ModelAndView org.springframework.boot.autoconfigure.web.servlet.error.BasicErrorController.errorHtml(javax.servlet.http.HttpServletRequest,javax.servlet.http.HttpServletResponse)
2018-05-24 17:17:50.226  INFO T-JIRASAK-KA --- [           main] o.s.w.s.h.SimpleUrlHandlerMapping        : Mapped URL path [/webjars/**] onto handler of type [class org.springframework.web.servlet.resource.ResourceHttpRequestHandler]
2018-05-24 17:17:50.228  INFO T-JIRASAK-KA --- [           main] o.s.w.s.h.SimpleUrlHandlerMapping        : Mapped URL path [/**] onto handler of type [class org.springframework.web.servlet.resource.ResourceHttpRequestHandler]
2018-05-24 17:17:51.175  INFO T-JIRASAK-KA --- [           main] o.s.l.c.s.AbstractContextSource          : Property 'userDn' not set - anonymous context will be used for read-write operations
2018-05-24 17:17:52.071  INFO T-JIRASAK-KA --- [           main] c.s.s.SheraapiApplicationTests           : Started SheraapiApplicationTests in 9.308 seconds (JVM running for 13.461)
2018-05-24 17:17:52.811  INFO T-JIRASAK-KA --- [       Thread-2] o.s.w.c.s.GenericWebApplicationContext   : Closing org.springframework.web.context.support.GenericWebApplicationContext@56c4278e: startup date [Thu May 24 17:17:43 ICT 2018]; root of context hierarchy
2018-05-24 17:19:01.466 DEBUG T-JIRASAK-KA --- [           main] c.s.s.Log4J2PropertiesConf               : This is a debug message
2018-05-24 17:19:01.481  INFO T-JIRASAK-KA --- [           main] c.s.s.Log4J2PropertiesConf               : This is an info message
2018-05-24 17:19:01.483  WARN T-JIRASAK-KA --- [           main] c.s.s.Log4J2PropertiesConf               : This is a warn message
2018-05-24 17:19:01.484 ERROR T-JIRASAK-KA --- [           main] c.s.s.Log4J2PropertiesConf               : This is an error message
2018-05-24 17:19:01.492 FATAL T-JIRASAK-KA --- [           main] c.s.s.Log4J2PropertiesConf               : This is a fatal message
[DEBUG] 2018-05-24 17:19:39.570 [main] Log4J2PropertiesConf - This is a debug message
[INFO ] 2018-05-24 17:19:39.580 [main] Log4J2PropertiesConf - This is an info message
[WARN ] 2018-05-24 17:19:39.580 [main] Log4J2PropertiesConf - This is a warn message
[ERROR] 2018-05-24 17:19:39.581 [main] Log4J2PropertiesConf - This is an error message
[FATAL] 2018-05-24 17:19:39.581 [main] Log4J2PropertiesConf - This is a fatal message
[DEBUG] 2018-05-24 17:24:18.468 T-JIRASAK-KA [main] c.s.s.Log4J2PropertiesConf               - - This is a debug message
[INFO ] 2018-05-24 17:24:18.493 T-JIRASAK-KA [main] c.s.s.Log4J2PropertiesConf               - - This is an info message
[WARN ] 2018-05-24 17:24:18.494 T-JIRASAK-KA [main] c.s.s.Log4J2PropertiesConf               - - This is a warn message
[ERROR] 2018-05-24 17:24:18.498 T-JIRASAK-KA [main] c.s.s.Log4J2PropertiesConf               - - This is an error message
[FATAL] 2018-05-24 17:24:18.500 T-JIRASAK-KA [main] c.s.s.Log4J2PropertiesConf               - - This is a fatal message
[INFO ] 2018-05-24 17:24:20.323 T-JIRASAK-KA [main] .b.t.c.SpringBootTestContextBootstrapper - - Neither @ContextConfiguration nor @ContextHierarchy found for test class [com.shera.sheraapi.SheraapiApplicationTests], using SpringBootContextLoader
[INFO ] 2018-05-24 17:24:20.363 T-JIRASAK-KA [main] o.s.t.c.s.AbstractContextLoader          - - Could not detect default resource locations for test class [com.shera.sheraapi.SheraapiApplicationTests]: no resource found for suffixes {-context.xml, Context.groovy}.
[INFO ] 2018-05-24 17:24:20.371 T-JIRASAK-KA [main] t.c.s.AnnotationConfigContextLoaderUtils - - Could not detect default configuration classes for test class [com.shera.sheraapi.SheraapiApplicationTests]: SheraapiApplicationTests does not declare any static, non-private, non-final, nested classes annotated with @Configuration.
[INFO ] 2018-05-24 17:24:21.348 T-JIRASAK-KA [main] .b.t.c.SpringBootTestContextBootstrapper - - Found @SpringBootConfiguration com.shera.sheraapi.SheraapiApplication for test class com.shera.sheraapi.SheraapiApplicationTests
[INFO ] 2018-05-24 17:24:22.276 T-JIRASAK-KA [main] .b.t.c.SpringBootTestContextBootstrapper - - Loaded default TestExecutionListener class names from location [META-INF/spring.factories]: [org.springframework.boot.test.mock.mockito.MockitoTestExecutionListener, org.springframework.boot.test.mock.mockito.ResetMocksTestExecutionListener, org.springframework.boot.test.autoconfigure.restdocs.RestDocsTestExecutionListener, org.springframework.boot.test.autoconfigure.web.client.MockRestServiceServerResetTestExecutionListener, org.springframework.boot.test.autoconfigure.web.servlet.MockMvcPrintOnlyOnFailureTestExecutionListener, org.springframework.boot.test.autoconfigure.web.servlet.WebDriverTestExecutionListener, org.springframework.test.context.web.ServletTestExecutionListener, org.springframework.test.context.support.DirtiesContextBeforeModesTestExecutionListener, org.springframework.test.context.support.DependencyInjectionTestExecutionListener, org.springframework.test.context.support.DirtiesContextTestExecutionListener, org.springframework.test.context.transaction.TransactionalTestExecutionListener, org.springframework.test.context.jdbc.SqlScriptsTestExecutionListener]
[INFO ] 2018-05-24 17:24:22.535 T-JIRASAK-KA [main] .b.t.c.SpringBootTestContextBootstrapper - - Using TestExecutionListeners: [org.springframework.test.context.web.ServletTestExecutionListener@21be3395, org.springframework.test.context.support.DirtiesContextBeforeModesTestExecutionListener@4f49f6af, org.springframework.boot.test.mock.mockito.MockitoTestExecutionListener@78452606, org.springframework.boot.test.autoconfigure.SpringBootDependencyInjectionTestExecutionListener@147e2ae7, org.springframework.test.context.support.DirtiesContextTestExecutionListener@448c8166, org.springframework.test.context.transaction.TransactionalTestExecutionListener@4470fbd6, org.springframework.test.context.jdbc.SqlScriptsTestExecutionListener@15d49048, org.springframework.boot.test.mock.mockito.ResetMocksTestExecutionListener@7098b907, org.springframework.boot.test.autoconfigure.restdocs.RestDocsTestExecutionListener@503f91c3, org.springframework.boot.test.autoconfigure.web.client.MockRestServiceServerResetTestExecutionListener@13526e59, org.springframework.boot.test.autoconfigure.web.servlet.MockMvcPrintOnlyOnFailureTestExecutionListener@2235eaab, org.springframework.boot.test.autoconfigure.web.servlet.WebDriverTestExecutionListener@17503f6b]
[INFO ] 2018-05-24 17:24:23.907 T-JIRASAK-KA [main] c.s.s.SheraapiApplicationTests           - - Starting SheraapiApplicationTests on T-JIRASAK-KA with PID 6552 (started by jirasak_ka in D:\BANK\Dev\SheraAPI)
[DEBUG] 2018-05-24 17:24:23.910 T-JIRASAK-KA [main] c.s.s.SheraapiApplicationTests           - - Running with Spring Boot v2.0.2.RELEASE, Spring v5.0.6.RELEASE
[INFO ] 2018-05-24 17:24:23.911 T-JIRASAK-KA [main] c.s.s.SheraapiApplicationTests           - - No active profile set, falling back to default profiles: default
[INFO ] 2018-05-24 17:24:24.286 T-JIRASAK-KA [main] o.s.w.c.s.GenericWebApplicationContext   - - Refreshing org.springframework.web.context.support.GenericWebApplicationContext@20f5281c: startup date [Thu May 24 17:24:24 ICT 2018]; root of context hierarchy
[INFO ] 2018-05-24 17:24:29.832 T-JIRASAK-KA [main] o.s.w.s.h.SimpleUrlHandlerMapping        - - Mapped URL path [/**/favicon.ico] onto handler of type [class org.springframework.web.servlet.resource.ResourceHttpRequestHandler]
[INFO ] 2018-05-24 17:24:31.084 T-JIRASAK-KA [main] s.w.s.m.m.a.RequestMappingHandlerAdapter - - Looking for @ControllerAdvice: org.springframework.web.context.support.GenericWebApplicationContext@20f5281c: startup date [Thu May 24 17:24:24 ICT 2018]; root of context hierarchy
[INFO ] 2018-05-24 17:24:31.403 T-JIRASAK-KA [main] s.w.s.m.m.a.RequestMappingHandlerMapping - - Mapped "{[/],methods=[GET]}" onto public java.lang.String com.shera.sheraapi.controller.HomeController.index()
[INFO ] 2018-05-24 17:24:31.408 T-JIRASAK-KA [main] s.w.s.m.m.a.RequestMappingHandlerMapping - - Mapped "{[/ldap/test],methods=[POST]}" onto public java.lang.String com.shera.sheraapi.controller.LdapUserController.test()
[INFO ] 2018-05-24 17:24:31.411 T-JIRASAK-KA [main] s.w.s.m.m.a.RequestMappingHandlerMapping - - Mapped "{[/ldap/authen],methods=[POST]}" onto public org.springframework.http.ResponseEntity<?> com.shera.sheraapi.controller.LdapUserController.ldapAuthen(com.shera.sheraapi.model.AuthenBody)
[INFO ] 2018-05-24 17:24:31.418 T-JIRASAK-KA [main] s.w.s.m.m.a.RequestMappingHandlerMapping - - Mapped "{[/error]}" onto public org.springframework.http.ResponseEntity<java.util.Map<java.lang.String, java.lang.Object>> org.springframework.boot.autoconfigure.web.servlet.error.BasicErrorController.error(javax.servlet.http.HttpServletRequest)
[INFO ] 2018-05-24 17:24:31.421 T-JIRASAK-KA [main] s.w.s.m.m.a.RequestMappingHandlerMapping - - Mapped "{[/error],produces=[text/html]}" onto public org.springframework.web.servlet.ModelAndView org.springframework.boot.autoconfigure.web.servlet.error.BasicErrorController.errorHtml(javax.servlet.http.HttpServletRequest,javax.servlet.http.HttpServletResponse)
[INFO ] 2018-05-24 17:24:31.586 T-JIRASAK-KA [main] o.s.w.s.h.SimpleUrlHandlerMapping        - - Mapped URL path [/webjars/**] onto handler of type [class org.springframework.web.servlet.resource.ResourceHttpRequestHandler]
[INFO ] 2018-05-24 17:24:31.589 T-JIRASAK-KA [main] o.s.w.s.h.SimpleUrlHandlerMapping        - - Mapped URL path [/**] onto handler of type [class org.springframework.web.servlet.resource.ResourceHttpRequestHandler]
[INFO ] 2018-05-24 17:24:32.524 T-JIRASAK-KA [main] o.s.l.c.s.AbstractContextSource          - - Property 'userDn' not set - anonymous context will be used for read-write operations
[INFO ] 2018-05-24 17:24:33.252 T-JIRASAK-KA [main] c.s.s.SheraapiApplicationTests           - - Started SheraapiApplicationTests in 10.435 seconds (JVM running for 17.842)
[INFO ] 2018-05-24 17:24:34.031 T-JIRASAK-KA [Thread-2] o.s.w.c.s.GenericWebApplicationContext   - - Closing org.springframework.web.context.support.GenericWebApplicationContext@20f5281c: startup date [Thu May 24 17:24:24 ICT 2018]; root of context hierarchy
[DEBUG] 2018-05-24 17:26:31.658 T-JIRASAK-KA [main] c.s.s.Log4J2PropertiesConf               - This is a debug message
[INFO ] 2018-05-24 17:26:31.666 T-JIRASAK-KA [main] c.s.s.Log4J2PropertiesConf               - This is an info message
[WARN ] 2018-05-24 17:26:31.666 T-JIRASAK-KA [main] c.s.s.Log4J2PropertiesConf               - This is a warn message
[ERROR] 2018-05-24 17:26:31.667 T-JIRASAK-KA [main] c.s.s.Log4J2PropertiesConf               - This is an error message
[FATAL] 2018-05-24 17:26:31.667 T-JIRASAK-KA [main] c.s.s.Log4J2PropertiesConf               - This is a fatal message
